2026-05-31 12:02:59,597 [INFO] Portfolio DB initialized
2026-05-31 12:02:59,597 [INFO] Journal DB initialized
2026-05-31 12:02:59,597 [INFO] ⚡ SENTINEL starting...
2026-05-31 12:02:59,597 [INFO] ETFs: ['XLK', 'IWM', 'VUG', 'CIBR', 'SMH', 'URA']
2026-05-31 12:03:10,219 [INFO] ========================================
2026-05-31 12:03:10,219 [INFO] Starting ETF scan...
2026-05-31 12:03:10,219 [INFO] ETFs: ['XLK', 'IWM', 'VUG', 'CIBR', 'SMH', 'URA']
2026-05-31 12:03:10,593 [INFO] Market closed — skipping scan
2026-05-31 12:03:10,594 [INFO] Schedule active:
  Scan: every 45 min
  Morning brief: 9am weekdays
  Exit checks: every 30 min
  Weekly review: Sunday 6pm
2026-05-31 12:48:10,802 [INFO] ========================================
2026-05-31 12:48:10,804 [INFO] Starting ETF scan...
2026-05-31 12:48:10,805 [INFO] ETFs: ['XLK', 'IWM', 'VUG', 'CIBR', 'SMH', 'URA']
2026-05-31 12:48:10,979 [INFO] Market closed — skipping scan
2026-05-31 13:33:44,289 [INFO] ========================================
2026-05-31 13:33:44,292 [INFO] Starting ETF scan...
2026-05-31 13:33:44,292 [INFO] ETFs: ['XLK', 'IWM', 'VUG', 'CIBR', 'SMH', 'URA']
2026-05-31 13:33:44,382 [INFO] Market closed — skipping scan
2026-05-31 14:18:55,083 [INFO] ========================================
2026-05-31 14:18:55,086 [INFO] Starting ETF scan...
2026-05-31 14:18:55,086 [INFO] ETFs: ['XLK', 'IWM', 'VUG', 'CIBR', 'SMH', 'URA']
2026-05-31 14:18:55,309 [INFO] Market closed — skipping scan
2026-05-31 15:08:40,114 [INFO] ========================================
2026-05-31 15:08:40,116 [INFO] Starting ETF scan...
2026-05-31 15:08:40,116 [INFO] ETFs: ['XLK', 'IWM', 'VUG', 'CIBR', 'SMH', 'URA']
2026-05-31 15:08:40,285 [INFO] Market closed — skipping scan
2026-05-31 15:55:33,851 [INFO] ========================================
2026-05-31 15:55:33,851 [INFO] Starting ETF scan...
2026-05-31 15:55:33,851 [INFO] ETFs: ['XLK', 'IWM', 'VUG', 'CIBR', 'SMH', 'URA']
2026-05-31 15:55:33,994 [INFO] Market closed — skipping scan
2026-05-31 16:42:25,119 [INFO] ========================================
2026-05-31 16:42:25,119 [INFO] Starting ETF scan...
2026-05-31 16:42:25,119 [INFO] ETFs: ['XLK', 'IWM', 'VUG', 'CIBR', 'SMH', 'URA']
2026-05-31 16:42:25,933 [INFO] Market closed — skipping scan
2026-05-31 17:54:23,282 [INFO] ========================================
2026-05-31 17:54:23,283 [INFO] Starting ETF scan...
2026-05-31 17:54:23,283 [INFO] ETFs: ['XLK', 'IWM', 'VUG', 'CIBR', 'SMH', 'URA']
2026-05-31 17:54:23,763 [INFO] Market closed — skipping scan
2026-05-31 18:10:22,246 [INFO] Weekly review sent
2026-05-31 18:49:40,766 [INFO] ========================================
2026-05-31 18:49:40,768 [INFO] Starting ETF scan...
2026-05-31 18:49:40,768 [INFO] ETFs: ['XLK', 'IWM', 'VUG', 'CIBR', 'SMH', 'URA']
2026-05-31 18:49:40,992 [INFO] Market closed — skipping scan
2026-05-31 19:39:20,611 [INFO] ========================================
2026-05-31 19:39:20,614 [INFO] Starting ETF scan...
2026-05-31 19:39:20,614 [INFO] ETFs: ['XLK', 'IWM', 'VUG', 'CIBR', 'SMH', 'URA']
2026-05-31 19:39:20,962 [INFO] Market closed — skipping scan
2026-05-31 20:28:45,619 [INFO] ========================================
2026-05-31 20:28:45,619 [INFO] Starting ETF scan...
2026-05-31 20:28:45,619 [INFO] ETFs: ['XLK', 'IWM', 'VUG', 'CIBR', 'SMH', 'URA']
2026-05-31 20:28:45,789 [INFO] Market closed — skipping scan
2026-05-31 21:13:48,591 [INFO] ========================================
2026-05-31 21:13:48,591 [INFO] Starting ETF scan...
2026-05-31 21:13:48,591 [INFO] ETFs: ['XLK', 'IWM', 'VUG', 'CIBR', 'SMH', 'URA']
2026-05-31 21:13:48,770 [INFO] Market closed — skipping scan
2026-05-31 22:03:59,862 [INFO] ========================================
2026-05-31 22:03:59,862 [INFO] Starting ETF scan...
2026-05-31 22:03:59,862 [INFO] ETFs: ['XLK', 'IWM', 'VUG', 'CIBR', 'SMH', 'URA']
2026-05-31 22:04:00,137 [INFO] Market closed — skipping scan
2026-05-31 22:49:14,826 [INFO] ========================================
2026-05-31 22:49:14,826 [INFO] Starting ETF scan...
2026-05-31 22:49:14,826 [INFO] ETFs: ['XLK', 'IWM', 'VUG', 'CIBR', 'SMH', 'URA']
2026-05-31 22:49:15,339 [INFO] Market closed — skipping scan
2026-05-31 23:34:20,137 [INFO] ========================================
2026-05-31 23:34:20,138 [INFO] Starting ETF scan...
2026-05-31 23:34:20,138 [INFO] ETFs: ['XLK', 'IWM', 'VUG', 'CIBR', 'SMH', 'URA']
2026-05-31 23:34:20,484 [INFO] Market closed — skipping scan
2026-06-01 00:19:26,430 [INFO] ========================================
2026-06-01 00:19:26,433 [INFO] Starting ETF scan...
2026-06-01 00:19:26,433 [INFO] ETFs: ['XLK', 'IWM', 'VUG', 'CIBR', 'SMH', 'URA']
2026-06-01 00:19:26,845 [INFO] Market closed — skipping scan
2026-06-01 01:04:45,546 [INFO] ========================================
2026-06-01 01:04:45,546 [INFO] Starting ETF scan...
2026-06-01 01:04:45,546 [INFO] ETFs: ['XLK', 'IWM', 'VUG', 'CIBR', 'SMH', 'URA']
2026-06-01 01:04:45,701 [INFO] Market closed — skipping scan
2026-06-01 01:49:49,563 [INFO] ========================================
2026-06-01 01:49:49,565 [INFO] Starting ETF scan...
2026-06-01 01:49:49,565 [INFO] ETFs: ['XLK', 'IWM', 'VUG', 'CIBR', 'SMH', 'URA']
2026-06-01 01:49:50,085 [INFO] Market closed — skipping scan
2026-06-01 02:34:54,936 [INFO] ========================================
2026-06-01 02:34:54,936 [INFO] Starting ETF scan...
2026-06-01 02:34:54,936 [INFO] ETFs: ['XLK', 'IWM', 'VUG', 'CIBR', 'SMH', 'URA']
2026-06-01 02:34:55,325 [INFO] Market closed — skipping scan
2026-06-01 03:20:01,070 [INFO] ========================================
2026-06-01 03:20:01,070 [INFO] Starting ETF scan...
2026-06-01 03:20:01,070 [INFO] ETFs: ['XLK', 'IWM', 'VUG', 'CIBR', 'SMH', 'URA']
2026-06-01 03:20:01,421 [INFO] Market closed — skipping scan
2026-06-01 04:05:02,306 [INFO] ========================================
2026-06-01 04:05:02,306 [INFO] Starting ETF scan...
2026-06-01 04:05:02,306 [INFO] ETFs: ['XLK', 'IWM', 'VUG', 'CIBR', 'SMH', 'URA']
2026-06-01 04:05:02,456 [INFO] Market closed — skipping scan
2026-06-01 04:50:32,372 [INFO] ========================================
2026-06-01 04:50:32,373 [INFO] Starting ETF scan...
2026-06-01 04:50:32,373 [INFO] ETFs: ['XLK', 'IWM', 'VUG', 'CIBR', 'SMH', 'URA']
2026-06-01 04:50:32,529 [INFO] Market closed — skipping scan
2026-06-01 05:40:07,542 [INFO] ========================================
2026-06-01 05:40:07,545 [INFO] Starting ETF scan...
2026-06-01 05:40:07,545 [INFO] ETFs: ['XLK', 'IWM', 'VUG', 'CIBR', 'SMH', 'URA']
2026-06-01 05:40:08,064 [INFO] Market closed — skipping scan
2026-06-01 06:25:13,850 [INFO] ========================================
2026-06-01 06:25:13,853 [INFO] Starting ETF scan...
2026-06-01 06:25:13,853 [INFO] ETFs: ['XLK', 'IWM', 'VUG', 'CIBR', 'SMH', 'URA']
2026-06-01 06:25:14,090 [INFO] Market closed — skipping scan
2026-06-01 07:10:31,879 [INFO] ========================================
2026-06-01 07:10:31,881 [INFO] Starting ETF scan...
2026-06-01 07:10:31,881 [INFO] ETFs: ['XLK', 'IWM', 'VUG', 'CIBR', 'SMH', 'URA']
2026-06-01 07:10:32,048 [INFO] Market closed — skipping scan
2026-06-01 07:55:34,909 [INFO] ========================================
2026-06-01 07:55:34,911 [INFO] Starting ETF scan...
2026-06-01 07:55:34,911 [INFO] ETFs: ['XLK', 'IWM', 'VUG', 'CIBR', 'SMH', 'URA']
2026-06-01 07:55:35,047 [INFO] Market closed — skipping scan
2026-06-01 08:40:51,801 [INFO] ========================================
2026-06-01 08:40:51,803 [INFO] Starting ETF scan...
2026-06-01 08:40:51,804 [INFO] ETFs: ['XLK', 'IWM', 'VUG', 'CIBR', 'SMH', 'URA']
2026-06-01 08:40:51,960 [INFO] Market closed — skipping scan
2026-06-01 09:00:48,027 [INFO] Fetched SPY: 250 bars
2026-06-01 09:00:48,174 [WARNING] Insufficient data for QQQ: 19 bars
2026-06-01 09:00:48,823 [INFO] Morning brief sent
2026-06-01 09:26:11,772 [INFO] ========================================
2026-06-01 09:26:11,775 [INFO] Starting ETF scan...
2026-06-01 09:26:11,775 [INFO] ETFs: ['XLK', 'IWM', 'VUG', 'CIBR', 'SMH', 'URA']
2026-06-01 09:26:12,246 [INFO] Market closed — skipping scan
2026-06-01 10:16:24,242 [INFO] ========================================
2026-06-01 10:16:24,244 [INFO] Starting ETF scan...
2026-06-01 10:16:24,244 [INFO] ETFs: ['XLK', 'IWM', 'VUG', 'CIBR', 'SMH', 'URA']
2026-06-01 10:16:24,623 [INFO] Fetched SPY: 251 bars
2026-06-01 10:16:24,732 [INFO] Portfolio: $1000.00 | Positions: 0/3
2026-06-01 10:16:24,732 [INFO] Scanning XLK...
2026-06-01 10:16:24,853 [INFO] Fetched XLK: 251 bars
2026-06-01 10:16:24,863 [INFO] Rejected XLK [strategy]: No strategy triggered
2026-06-01 10:16:24,863 [INFO]   XLK: no setup
2026-06-01 10:16:24,863 [INFO] Scanning IWM...
2026-06-01 10:16:25,015 [INFO] Fetched IWM: 251 bars
2026-06-01 10:16:25,025 [INFO] Rejected IWM [strategy]: No strategy triggered
2026-06-01 10:16:25,025 [INFO]   IWM: no setup
2026-06-01 10:16:25,025 [INFO] Scanning VUG...
2026-06-01 10:16:25,146 [INFO] Fetched VUG: 251 bars
2026-06-01 10:16:25,153 [INFO] Rejected VUG [strategy]: No strategy triggered
2026-06-01 10:16:25,153 [INFO]   VUG: no setup
2026-06-01 10:16:25,153 [INFO] Scanning CIBR...
2026-06-01 10:16:25,308 [INFO] Fetched CIBR: 251 bars
2026-06-01 10:16:25,316 [INFO] Rejected CIBR [strategy]: No strategy triggered
2026-06-01 10:16:25,316 [INFO]   CIBR: no setup
2026-06-01 10:16:25,316 [INFO] Scanning SMH...
2026-06-01 10:16:25,522 [INFO] Fetched SMH: 251 bars
2026-06-01 10:16:25,529 [INFO] Rejected SMH [strategy]: No strategy triggered
2026-06-01 10:16:25,529 [INFO]   SMH: no setup
2026-06-01 10:16:25,529 [INFO] Scanning URA...
2026-06-01 10:16:25,661 [INFO] Fetched URA: 251 bars
2026-06-01 10:16:25,670 [INFO] Rejected URA [strategy]: No strategy triggered
2026-06-01 10:16:25,670 [INFO]   URA: no setup
2026-06-01 10:16:25,670 [INFO] Scan complete — 0 signals found
2026-06-01 10:16:25,670 [INFO] ========================================
2026-06-01 11:06:33,700 [INFO] ========================================
2026-06-01 11:06:33,702 [INFO] Starting ETF scan...
2026-06-01 11:06:33,702 [INFO] ETFs: ['XLK', 'IWM', 'VUG', 'CIBR', 'SMH', 'URA']
2026-06-01 11:06:34,010 [INFO] Fetched SPY: 251 bars
2026-06-01 11:06:34,106 [INFO] Portfolio: $1000.00 | Positions: 0/3
2026-06-01 11:06:34,106 [INFO] Scanning XLK...
2026-06-01 11:06:34,253 [INFO] Fetched XLK: 251 bars
2026-06-01 11:06:34,264 [INFO] Rejected XLK [strategy]: No strategy triggered
2026-06-01 11:06:34,264 [INFO]   XLK: no setup
2026-06-01 11:06:34,264 [INFO] Scanning IWM...
2026-06-01 11:06:34,374 [INFO] Fetched IWM: 251 bars
2026-06-01 11:06:34,383 [INFO] Rejected IWM [strategy]: No strategy triggered
2026-06-01 11:06:34,383 [INFO]   IWM: no setup
2026-06-01 11:06:34,383 [INFO] Scanning VUG...
2026-06-01 11:06:34,524 [INFO] Fetched VUG: 251 bars
2026-06-01 11:06:34,529 [INFO] Rejected VUG [strategy]: No strategy triggered
2026-06-01 11:06:34,529 [INFO]   VUG: no setup
2026-06-01 11:06:34,529 [INFO] Scanning CIBR...
2026-06-01 11:06:34,639 [INFO] Fetched CIBR: 251 bars
2026-06-01 11:06:34,646 [INFO] Rejected CIBR [strategy]: No strategy triggered
2026-06-01 11:06:34,646 [INFO]   CIBR: no setup
2026-06-01 11:06:34,646 [INFO] Scanning SMH...
2026-06-01 11:06:34,890 [INFO] Fetched SMH: 251 bars
2026-06-01 11:06:34,898 [INFO] Rejected SMH [strategy]: No strategy triggered
2026-06-01 11:06:34,898 [INFO]   SMH: no setup
2026-06-01 11:06:34,898 [INFO] Scanning URA...
2026-06-01 11:06:35,039 [INFO] Fetched URA: 251 bars
2026-06-01 11:06:35,047 [INFO] Rejected URA [strategy]: No strategy triggered
2026-06-01 11:06:35,047 [INFO]   URA: no setup
2026-06-01 11:06:35,047 [INFO] Scan complete — 0 signals found
2026-06-01 11:06:35,047 [INFO] ========================================
2026-06-01 12:00:57,378 [INFO] ========================================
2026-06-01 12:00:57,381 [INFO] Starting ETF scan...
2026-06-01 12:00:57,381 [INFO] ETFs: ['XLK', 'IWM', 'VUG', 'CIBR', 'SMH', 'URA']
2026-06-01 12:00:57,714 [INFO] Fetched SPY: 251 bars
2026-06-01 12:00:57,807 [INFO] Portfolio: $1000.00 | Positions: 0/3
2026-06-01 12:00:57,807 [INFO] Scanning XLK...
2026-06-01 12:00:57,920 [INFO] Fetched XLK: 251 bars
2026-06-01 12:00:57,933 [INFO] Rejected XLK [strategy]: No strategy triggered
2026-06-01 12:00:57,933 [INFO]   XLK: no setup
2026-06-01 12:00:57,934 [INFO] Scanning IWM...
2026-06-01 12:00:58,113 [INFO] Fetched IWM: 251 bars
2026-06-01 12:00:58,123 [INFO] Rejected IWM [strategy]: No strategy triggered
2026-06-01 12:00:58,123 [INFO]   IWM: no setup
2026-06-01 12:00:58,123 [INFO] Scanning VUG...
2026-06-01 12:00:58,268 [INFO] Fetched VUG: 251 bars
2026-06-01 12:00:58,276 [INFO] Rejected VUG [strategy]: No strategy triggered
2026-06-01 12:00:58,276 [INFO]   VUG: no setup
2026-06-01 12:00:58,276 [INFO] Scanning CIBR...
2026-06-01 12:00:58,390 [INFO] Fetched CIBR: 251 bars
2026-06-01 12:00:58,399 [INFO] Rejected CIBR [strategy]: No strategy triggered
2026-06-01 12:00:58,399 [INFO]   CIBR: no setup
2026-06-01 12:00:58,399 [INFO] Scanning SMH...
2026-06-01 12:00:58,662 [INFO] Fetched SMH: 251 bars
2026-06-01 12:00:58,674 [INFO] Rejected SMH [strategy]: No strategy triggered
2026-06-01 12:00:58,674 [INFO]   SMH: no setup
2026-06-01 12:00:58,674 [INFO] Scanning URA...
2026-06-01 12:00:58,796 [INFO] Fetched URA: 251 bars
2026-06-01 12:00:58,804 [INFO] Rejected URA [strategy]: No strategy triggered
2026-06-01 12:00:58,804 [INFO]   URA: no setup
2026-06-01 12:00:58,804 [INFO] Scan complete — 0 signals found
2026-06-01 12:00:58,804 [INFO] ========================================
2026-06-01 12:46:09,786 [INFO] ========================================
2026-06-01 12:46:09,788 [INFO] Starting ETF scan...
2026-06-01 12:46:09,788 [INFO] ETFs: ['XLK', 'IWM', 'VUG', 'CIBR', 'SMH', 'URA']
2026-06-01 12:46:10,140 [INFO] Fetched SPY: 251 bars
2026-06-01 12:46:10,235 [INFO] Portfolio: $1000.00 | Positions: 0/3
2026-06-01 12:46:10,235 [INFO] Scanning XLK...
2026-06-01 12:46:10,393 [INFO] Fetched XLK: 251 bars
2026-06-01 12:46:10,401 [INFO] Rejected XLK [strategy]: No strategy triggered
2026-06-01 12:46:10,401 [INFO]   XLK: no setup
2026-06-01 12:46:10,401 [INFO] Scanning IWM...
2026-06-01 12:46:10,513 [INFO] Fetched IWM: 251 bars
2026-06-01 12:46:10,522 [INFO] Rejected IWM [strategy]: No strategy triggered
2026-06-01 12:46:10,522 [INFO]   IWM: no setup
2026-06-01 12:46:10,522 [INFO] Scanning VUG...
2026-06-01 12:46:10,646 [INFO] Fetched VUG: 251 bars
2026-06-01 12:46:10,654 [INFO] Rejected VUG [strategy]: No strategy triggered
2026-06-01 12:46:10,654 [INFO]   VUG: no setup
2026-06-01 12:46:10,654 [INFO] Scanning CIBR...
2026-06-01 12:46:10,782 [INFO] Fetched CIBR: 251 bars
2026-06-01 12:46:10,791 [INFO] Rejected CIBR [strategy]: No strategy triggered
2026-06-01 12:46:10,791 [INFO]   CIBR: no setup
2026-06-01 12:46:10,791 [INFO] Scanning SMH...
2026-06-01 12:46:10,976 [INFO] Fetched SMH: 251 bars
2026-06-01 12:46:10,986 [INFO] Rejected SMH [strategy]: No strategy triggered
2026-06-01 12:46:10,986 [INFO]   SMH: no setup
2026-06-01 12:46:10,986 [INFO] Scanning URA...
2026-06-01 12:46:11,127 [INFO] Fetched URA: 251 bars
2026-06-01 12:46:11,134 [INFO] Rejected URA [strategy]: No strategy triggered
2026-06-01 12:46:11,135 [INFO]   URA: no setup
2026-06-01 12:46:11,135 [INFO] Scan complete — 0 signals found
2026-06-01 12:46:11,135 [INFO] ========================================
2026-06-01 13:36:21,110 [INFO] ========================================
2026-06-01 13:36:21,110 [INFO] Starting ETF scan...
2026-06-01 13:36:21,110 [INFO] ETFs: ['XLK', 'IWM', 'VUG', 'CIBR', 'SMH', 'URA']
2026-06-01 13:36:21,809 [INFO] Fetched SPY: 251 bars
2026-06-01 13:36:22,088 [INFO] Portfolio: $1000.00 | Positions: 0/3
2026-06-01 13:36:22,088 [INFO] Scanning XLK...
2026-06-01 13:36:22,290 [INFO] Fetched XLK: 251 bars
2026-06-01 13:36:22,299 [INFO] Rejected XLK [strategy]: No strategy triggered
2026-06-01 13:36:22,299 [INFO]   XLK: no setup
2026-06-01 13:36:22,299 [INFO] Scanning IWM...
2026-06-01 13:36:22,592 [INFO] Fetched IWM: 251 bars
2026-06-01 13:36:22,600 [INFO] Rejected IWM [strategy]: No strategy triggered
2026-06-01 13:36:22,600 [INFO]   IWM: no setup
2026-06-01 13:36:22,600 [INFO] Scanning VUG...
2026-06-01 13:36:22,878 [INFO] Fetched VUG: 251 bars
2026-06-01 13:36:22,888 [INFO] Rejected VUG [strategy]: No strategy triggered
2026-06-01 13:36:22,888 [INFO]   VUG: no setup
2026-06-01 13:36:22,888 [INFO] Scanning CIBR...
2026-06-01 13:36:23,192 [INFO] Fetched CIBR: 251 bars
2026-06-01 13:36:23,200 [INFO] Rejected CIBR [strategy]: No strategy triggered
2026-06-01 13:36:23,200 [INFO]   CIBR: no setup
2026-06-01 13:36:23,200 [INFO] Scanning SMH...
2026-06-01 13:36:23,632 [INFO] Fetched SMH: 251 bars
2026-06-01 13:36:23,641 [INFO] Rejected SMH [strategy]: No strategy triggered
2026-06-01 13:36:23,641 [INFO]   SMH: no setup
2026-06-01 13:36:23,641 [INFO] Scanning URA...
2026-06-01 13:36:23,845 [INFO] Fetched URA: 251 bars
2026-06-01 13:36:23,854 [INFO] Rejected URA [strategy]: No strategy triggered
2026-06-01 13:36:23,854 [INFO]   URA: no setup
2026-06-01 13:36:23,855 [INFO] Scan complete — 0 signals found
2026-06-01 13:36:23,855 [INFO] ========================================
2026-06-01 14:26:31,832 [INFO] ========================================
2026-06-01 14:26:31,833 [INFO] Starting ETF scan...
2026-06-01 14:26:31,833 [INFO] ETFs: ['XLK', 'IWM', 'VUG', 'CIBR', 'SMH', 'URA']
2026-06-01 14:26:32,174 [INFO] Fetched SPY: 251 bars
2026-06-01 14:26:32,268 [INFO] Portfolio: $1000.00 | Positions: 0/3
2026-06-01 14:26:32,268 [INFO] Scanning XLK...
2026-06-01 14:26:32,435 [INFO] Fetched XLK: 251 bars
2026-06-01 14:26:32,445 [INFO] Rejected XLK [strategy]: No strategy triggered
2026-06-01 14:26:32,445 [INFO]   XLK: no setup
2026-06-01 14:26:32,445 [INFO] Scanning IWM...
2026-06-01 14:26:32,602 [INFO] Fetched IWM: 251 bars
2026-06-01 14:26:32,610 [INFO] Rejected IWM [strategy]: No strategy triggered
2026-06-01 14:26:32,610 [INFO]   IWM: no setup
2026-06-01 14:26:32,611 [INFO] Scanning VUG...
2026-06-01 14:26:32,776 [INFO] Fetched VUG: 251 bars
2026-06-01 14:26:32,783 [INFO] Rejected VUG [strategy]: No strategy triggered
2026-06-01 14:26:32,783 [INFO]   VUG: no setup
2026-06-01 14:26:32,783 [INFO] Scanning CIBR...
2026-06-01 14:26:32,915 [INFO] Fetched CIBR: 251 bars
2026-06-01 14:26:32,923 [INFO] Rejected CIBR [strategy]: No strategy triggered
2026-06-01 14:26:32,923 [INFO]   CIBR: no setup
2026-06-01 14:26:32,923 [INFO] Scanning SMH...
2026-06-01 14:26:33,034 [INFO] Fetched SMH: 251 bars
2026-06-01 14:26:33,042 [INFO] Rejected SMH [strategy]: No strategy triggered
2026-06-01 14:26:33,042 [INFO]   SMH: no setup
2026-06-01 14:26:33,042 [INFO] Scanning URA...
2026-06-01 14:26:33,164 [INFO] Fetched URA: 251 bars
2026-06-01 14:26:33,175 [INFO] Rejected URA [strategy]: No strategy triggered
2026-06-01 14:26:33,175 [INFO]   URA: no setup
2026-06-01 14:26:33,175 [INFO] Scan complete — 0 signals found
2026-06-01 14:26:33,175 [INFO] ========================================
2026-06-01 15:20:53,482 [INFO] ========================================
2026-06-01 15:20:53,482 [INFO] Starting ETF scan...
2026-06-01 15:20:53,482 [INFO] ETFs: ['XLK', 'IWM', 'VUG', 'CIBR', 'SMH', 'URA']
2026-06-01 15:20:54,439 [INFO] Fetched SPY: 251 bars
2026-06-01 15:20:54,710 [INFO] Portfolio: $1000.00 | Positions: 0/3
2026-06-01 15:20:54,710 [INFO] Scanning XLK...
2026-06-01 15:20:55,029 [INFO] Fetched XLK: 251 bars
2026-06-01 15:20:55,039 [INFO] Rejected XLK [strategy]: No strategy triggered
2026-06-01 15:20:55,039 [INFO]   XLK: no setup
2026-06-01 15:20:55,039 [INFO] Scanning IWM...
2026-06-01 15:20:55,334 [INFO] Fetched IWM: 251 bars
2026-06-01 15:20:55,343 [INFO] Rejected IWM [strategy]: No strategy triggered
2026-06-01 15:20:55,343 [INFO]   IWM: no setup
2026-06-01 15:20:55,343 [INFO] Scanning VUG...
2026-06-01 15:20:55,594 [INFO] Fetched VUG: 251 bars
2026-06-01 15:20:55,604 [INFO] Rejected VUG [strategy]: No strategy triggered
2026-06-01 15:20:55,604 [INFO]   VUG: no setup
2026-06-01 15:20:55,604 [INFO] Scanning CIBR...
2026-06-01 15:20:55,832 [INFO] Fetched CIBR: 251 bars
2026-06-01 15:20:55,839 [INFO] Rejected CIBR [strategy]: No strategy triggered
2026-06-01 15:20:55,839 [INFO]   CIBR: no setup
2026-06-01 15:20:55,839 [INFO] Scanning SMH...
2026-06-01 15:20:56,163 [INFO] Fetched SMH: 251 bars
2026-06-01 15:20:56,171 [INFO] Rejected SMH [strategy]: No strategy triggered
2026-06-01 15:20:56,171 [INFO]   SMH: no setup
2026-06-01 15:20:56,171 [INFO] Scanning URA...
2026-06-01 15:20:56,458 [INFO] Fetched URA: 251 bars
2026-06-01 15:20:56,466 [INFO] Rejected URA [strategy]: No strategy triggered
2026-06-01 15:20:56,467 [INFO]   URA: no setup
2026-06-01 15:20:56,467 [INFO] Scan complete — 0 signals found
2026-06-01 15:20:56,467 [INFO] ========================================
2026-06-01 16:11:06,388 [INFO] ========================================
2026-06-01 16:11:06,389 [INFO] Starting ETF scan...
2026-06-01 16:11:06,389 [INFO] ETFs: ['XLK', 'IWM', 'VUG', 'CIBR', 'SMH', 'URA']
2026-06-01 16:11:06,587 [INFO] Market closed — skipping scan
2026-06-01 17:00:38,251 [INFO] ========================================
2026-06-01 17:00:38,255 [INFO] Starting ETF scan...
2026-06-01 17:00:38,255 [INFO] ETFs: ['XLK', 'IWM', 'VUG', 'CIBR', 'SMH', 'URA']
2026-06-01 17:00:38,735 [INFO] Market closed — skipping scan
2026-06-01 17:45:55,513 [INFO] ========================================
2026-06-01 17:45:55,514 [INFO] Starting ETF scan...
2026-06-01 17:45:55,514 [INFO] ETFs: ['XLK', 'IWM', 'VUG', 'CIBR', 'SMH', 'URA']
2026-06-01 17:45:55,704 [INFO] Market closed — skipping scan
